2025-11-13 08:47:01,937 | ERROR | {'status': 'consumer_exception', 'error': 'Channel closed by RPC timeout'}
2025-11-13 08:50:07,955 | ERROR | {'status': 'consumer_exception', 'error': 'Event loop is closed'}
2025-11-13 08:53:20,026 | ERROR | {'status': 'consumer_exception', 'error': 'Channel closed by RPC timeout'}
2025-11-13 09:01:16,688 | ERROR | {'status': 'consumer_exception', 'error': 'Channel closed by RPC timeout'}
2025-11-13 09:01:53,065 | ERROR | {'status': 'consumer_exception', 'error': 'Event loop is closed'}
2025-11-13 09:02:30,655 | ERROR | {'status': 'consumer_exception', 'error': 'Channel closed by RPC timeout'}
2025-11-13 09:06:55,634 | ERROR | {'status': 'consumer_exception', 'error': 'Channel closed by RPC timeout'}
2025-11-13 09:08:01,690 | ERROR | {'status': 'consumer_exception', 'error': 'Event loop is closed'}
2025-11-13 09:10:29,959 | ERROR | {'status': 'consumer_exception', 'error': 'Channel closed by RPC timeout'}
2025-11-13 09:14:05,649 | ERROR | {'status': 'consumer_exception', 'error': 'Event loop is closed'}
2025-11-13 09:19:42,870 | ERROR | smtp_error
2025-11-13 09:19:55,720 | ERROR | smtp_error
2025-11-13 09:20:10,566 | ERROR | smtp_error
2025-11-13 09:20:29,422 | ERROR | smtp_error
2025-11-13 09:20:56,260 | ERROR | smtp_error
2025-11-13 09:21:28,271 | ERROR | email_failed_after_retries
2025-11-13 09:21:28,272 | ERROR | email_send_failed
2025-11-13 09:21:28,273 | ERROR | {'status': 'email_failed', 'error': 'Failed after 5 attempts', 'request_id': 'user@example.com'}
2025-11-13 09:29:55,460 | ERROR | {'status': 'consumer_exception', 'error': 'Channel closed by RPC timeout'}
2025-11-13 09:33:01,759 | ERROR | {'status': 'consumer_exception', 'error': 'Event loop is closed'}
2025-11-13 09:35:56,819 | ERROR | smtp_error
2025-11-13 09:36:09,671 | ERROR | smtp_error
2025-11-13 09:36:24,532 | ERROR | smtp_error
2025-11-13 09:36:43,411 | ERROR | smtp_error
2025-11-13 09:37:10,266 | ERROR | smtp_error
2025-11-13 09:37:42,279 | ERROR | email_failed_after_retries
2025-11-13 09:37:42,280 | ERROR | email_send_failed
2025-11-13 09:37:42,280 | ERROR | {'status': 'email_failed', 'error': 'Failed after 5 attempts', 'request_id': 'kachimaxy2@gmial.com'}
2025-11-13 09:43:31,736 | ERROR | {'status': 'consumer_exception', 'error': 'Channel closed by RPC timeout'}
2025-11-13 09:52:01,564 | ERROR | {'status': 'consumer_exception', 'error': 'Channel closed by RPC timeout'}
2025-11-13 09:55:38,374 | ERROR | {'status': 'consumer_exception', 'error': 'Channel closed by RPC timeout'}
2025-11-13 09:58:26,932 | ERROR | {'status': 'consumer_exception', 'error': 'Channel closed by RPC timeout'}
2025-11-13 09:59:02,774 | ERROR | {'status': 'consumer_exception', 'error': 'Event loop is closed'}
2025-11-13 10:00:07,638 | ERROR | {'status': 'consumer_exception', 'error': 'Channel closed by RPC timeout'}
2025-11-13 10:00:37,402 | ERROR | {'status': 'consumer_exception', 'error': 'Channel closed by RPC timeout'}
2025-11-13 10:01:37,743 | ERROR | {'status': 'consumer_exception', 'error': 'Event loop is closed'}
2025-11-13 10:01:52,745 | ERROR | smtp_error
2025-11-13 10:02:05,601 | ERROR | smtp_error
2025-11-13 10:02:20,449 | ERROR | smtp_error
2025-11-13 10:02:39,317 | ERROR | smtp_error
2025-11-13 10:03:06,167 | ERROR | smtp_error
2025-11-13 10:03:38,176 | ERROR | email_failed_after_retries
2025-11-13 10:03:38,176 | ERROR | email_send_failed
2025-11-13 10:03:38,177 | ERROR | {'status': 'email_failed', 'error': 'Failed after 5 attempts', 'request_id': 'kachimaxy2@gmial.com'}
2025-11-13 10:03:49,219 | ERROR | smtp_error
2025-11-13 10:04:02,074 | ERROR | smtp_error
2025-11-13 10:04:16,932 | ERROR | smtp_error
2025-11-13 10:04:35,837 | ERROR | smtp_error
2025-11-13 10:05:02,716 | ERROR | smtp_error
2025-11-13 10:05:34,728 | ERROR | email_failed_after_retries
2025-11-13 10:05:34,729 | ERROR | email_send_failed
2025-11-13 10:05:34,730 | ERROR | {'status': 'email_failed', 'error': 'Failed after 5 attempts', 'request_id': 'kachimaxy2@gmial.com'}
2025-11-13 10:05:42,308 | ERROR | {'status': 'consumer_exception', 'error': 'Channel closed by RPC timeout'}
2025-11-13 10:08:48,284 | ERROR | {'status': 'consumer_exception', 'error': 'Event loop is closed'}
2025-11-13 10:41:43,634 | ERROR | smtp_error
2025-11-13 10:41:56,522 | ERROR | smtp_error
2025-11-13 10:42:11,396 | ERROR | smtp_error
2025-11-13 10:42:30,260 | ERROR | smtp_error
2025-11-13 10:42:57,138 | ERROR | smtp_error
2025-11-13 10:43:29,145 | ERROR | email_failed_after_retries
2025-11-13 10:43:29,146 | ERROR | email_send_failed
2025-11-13 10:43:29,147 | ERROR | {'status': 'email_failed', 'error': 'Failed after 5 attempts', 'request_id': 'kachimaxy2@gmial.com'}
2025-11-13 10:50:41,898 | ERROR | smtp_error
2025-11-13 10:50:54,757 | ERROR | smtp_error
2025-11-13 11:30:56,784 | ERROR | smtp_error
2025-11-13 13:33:13,944 | ERROR | {'status': 'consumer_exception', 'error': 'Server connection unexpectedly closed. Read 0 bytes but 1 bytes expected'}
2025-11-13 13:33:34,703 | ERROR | {'status': 'consumer_exception', 'error': 'Server connection unexpectedly closed. Read 0 bytes but 1 bytes expected'}
2025-11-13 13:36:13,489 | ERROR | {'status': 'consumer_exception', 'error': "'Settings' object has no attribute 'rabbitmq_url'"}
2025-11-13 13:36:18,495 | ERROR | {'status': 'consumer_exception', 'error': "'Settings' object has no attribute 'rabbitmq_url'"}
2025-11-13 13:36:23,498 | ERROR | {'status': 'consumer_exception', 'error': "'Settings' object has no attribute 'rabbitmq_url'"}
2025-11-13 13:36:28,509 | ERROR | {'status': 'consumer_exception', 'error': "'Settings' object has no attribute 'rabbitmq_url'"}
2025-11-13 13:36:33,520 | ERROR | {'status': 'consumer_exception', 'error': "'Settings' object has no attribute 'rabbitmq_url'"}
2025-11-13 13:36:38,525 | ERROR | {'status': 'consumer_exception', 'error': "'Settings' object has no attribute 'rabbitmq_url'"}
2025-11-13 13:36:43,538 | ERROR | {'status': 'consumer_exception', 'error': "'Settings' object has no attribute 'rabbitmq_url'"}
2025-11-13 13:36:48,551 | ERROR | {'status': 'consumer_exception', 'error': "'Settings' object has no attribute 'rabbitmq_url'"}
2025-11-13 13:36:53,559 | ERROR | {'status': 'consumer_exception', 'error': "'Settings' object has no attribute 'rabbitmq_url'"}
2025-11-13 13:36:58,574 | ERROR | {'status': 'consumer_exception', 'error': "'Settings' object has no attribute 'rabbitmq_url'"}
2025-11-13 13:37:03,584 | ERROR | {'status': 'consumer_exception', 'error': "'Settings' object has no attribute 'rabbitmq_url'"}
2025-11-13 13:37:05,526 | ERROR | {'status': 'consumer_exception', 'error': "'Settings' object has no attribute 'rabbitmq_url'"}
2025-11-13 13:37:10,534 | ERROR | {'status': 'consumer_exception', 'error': "'Settings' object has no attribute 'rabbitmq_url'"}
2025-11-13 13:37:15,539 | ERROR | {'status': 'consumer_exception', 'error': "'Settings' object has no attribute 'rabbitmq_url'"}
2025-11-13 13:37:20,558 | ERROR | {'status': 'consumer_exception', 'error': "'Settings' object has no attribute 'rabbitmq_url'"}
2025-11-13 13:37:25,574 | ERROR | {'status': 'consumer_exception', 'error': "'Settings' object has no attribute 'rabbitmq_url'"}
2025-11-13 13:37:30,580 | ERROR | {'status': 'consumer_exception', 'error': "'Settings' object has no attribute 'rabbitmq_url'"}
2025-11-13 13:37:35,598 | ERROR | {'status': 'consumer_exception', 'error': "'Settings' object has no attribute 'rabbitmq_url'"}
2025-11-13 13:37:40,608 | ERROR | {'status': 'consumer_exception', 'error': "'Settings' object has no attribute 'rabbitmq_url'"}
2025-11-13 13:37:45,617 | ERROR | {'status': 'consumer_exception', 'error': "'Settings' object has no attribute 'rabbitmq_url'"}
2025-11-13 13:37:47,117 | ERROR | {'status': 'consumer_exception', 'error': "'Settings' object has no attribute 'rabbitmq_url'"}
2025-11-13 13:37:52,130 | ERROR | {'status': 'consumer_exception', 'error': "'Settings' object has no attribute 'rabbitmq_url'"}
2025-11-13 13:37:57,142 | ERROR | {'status': 'consumer_exception', 'error': "'Settings' object has no attribute 'rabbitmq_url'"}
2025-11-13 13:38:02,155 | ERROR | {'status': 'consumer_exception', 'error': "'Settings' object has no attribute 'rabbitmq_url'"}
2025-11-13 13:38:07,169 | ERROR | {'status': 'consumer_exception', 'error': "'Settings' object has no attribute 'rabbitmq_url'"}
2025-11-13 13:38:11,528 | ERROR | {'status': 'publish_failed', 'queue': 'email.queue', 'error': 'Server connection unexpectedly closed. Read 0 bytes but 1 bytes expected'}
2025-11-13 13:38:12,179 | ERROR | {'status': 'consumer_exception', 'error': "'Settings' object has no attribute 'rabbitmq_url'"}
2025-11-13 13:38:17,184 | ERROR | {'status': 'consumer_exception', 'error': "'Settings' object has no attribute 'rabbitmq_url'"}
2025-11-13 13:38:22,196 | ERROR | {'status': 'consumer_exception', 'error': "'Settings' object has no attribute 'rabbitmq_url'"}
2025-11-13 13:38:27,201 | ERROR | {'status': 'consumer_exception', 'error': "'Settings' object has no attribute 'rabbitmq_url'"}
2025-11-13 13:38:32,206 | ERROR | {'status': 'consumer_exception', 'error': "'Settings' object has no attribute 'rabbitmq_url'"}
2025-11-13 13:38:37,221 | ERROR | {'status': 'consumer_exception', 'error': "'Settings' object has no attribute 'rabbitmq_url'"}
2025-11-13 13:38:42,224 | ERROR | {'status': 'consumer_exception', 'error': "'Settings' object has no attribute 'rabbitmq_url'"}
2025-11-13 13:38:47,237 | ERROR | {'status': 'consumer_exception', 'error': "'Settings' object has no attribute 'rabbitmq_url'"}
2025-11-13 13:38:52,241 | ERROR | {'status': 'consumer_exception', 'error': "'Settings' object has no attribute 'rabbitmq_url'"}
2025-11-13 13:38:57,254 | ERROR | {'status': 'consumer_exception', 'error': "'Settings' object has no attribute 'rabbitmq_url'"}
2025-11-13 13:39:02,268 | ERROR | {'status': 'consumer_exception', 'error': "'Settings' object has no attribute 'rabbitmq_url'"}
2025-11-13 13:39:07,282 | ERROR | {'status': 'consumer_exception', 'error': "'Settings' object has no attribute 'rabbitmq_url'"}
2025-11-13 13:39:12,298 | ERROR | {'status': 'consumer_exception', 'error': "'Settings' object has no attribute 'rabbitmq_url'"}
2025-11-13 13:39:17,313 | ERROR | {'status': 'consumer_exception', 'error': "'Settings' object has no attribute 'rabbitmq_url'"}
2025-11-13 13:39:22,330 | ERROR | {'status': 'consumer_exception', 'error': "'Settings' object has no attribute 'rabbitmq_url'"}
2025-11-13 13:39:25,503 | ERROR | {'status': 'consumer_exception', 'error': "'Settings' object has no attribute 'rabbitmq_url'"}
2025-11-13 13:39:30,511 | ERROR | {'status': 'consumer_exception', 'error': "'Settings' object has no attribute 'rabbitmq_url'"}
2025-11-13 13:39:35,518 | ERROR | {'status': 'consumer_exception', 'error': "'Settings' object has no attribute 'rabbitmq_url'"}
2025-11-13 13:39:40,528 | ERROR | {'status': 'consumer_exception', 'error': "'Settings' object has no attribute 'rabbitmq_url'"}
2025-11-13 13:39:45,545 | ERROR | {'status': 'consumer_exception', 'error': "'Settings' object has no attribute 'rabbitmq_url'"}
2025-11-13 13:39:50,553 | ERROR | {'status': 'consumer_exception', 'error': "'Settings' object has no attribute 'rabbitmq_url'"}
2025-11-13 13:39:55,557 | ERROR | {'status': 'consumer_exception', 'error': "'Settings' object has no attribute 'rabbitmq_url'"}
2025-11-13 13:40:00,562 | ERROR | {'status': 'consumer_exception', 'error': "'Settings' object has no attribute 'rabbitmq_url'"}
2025-11-13 13:40:05,580 | ERROR | {'status': 'consumer_exception', 'error': "'Settings' object has no attribute 'rabbitmq_url'"}
2025-11-13 13:40:10,586 | ERROR | {'status': 'consumer_exception', 'error': "'Settings' object has no attribute 'rabbitmq_url'"}
2025-11-13 13:40:15,601 | ERROR | {'status': 'consumer_exception', 'error': "'Settings' object has no attribute 'rabbitmq_url'"}
2025-11-13 13:40:20,616 | ERROR | {'status': 'consumer_exception', 'error': "'Settings' object has no attribute 'rabbitmq_url'"}
2025-11-13 13:40:25,627 | ERROR | {'status': 'consumer_exception', 'error': "'Settings' object has no attribute 'rabbitmq_url'"}
2025-11-13 13:40:30,643 | ERROR | {'status': 'consumer_exception', 'error': "'Settings' object has no attribute 'rabbitmq_url'"}
2025-11-13 13:40:35,651 | ERROR | {'status': 'consumer_exception', 'error': "'Settings' object has no attribute 'rabbitmq_url'"}
2025-11-13 13:40:40,654 | ERROR | {'status': 'consumer_exception', 'error': "'Settings' object has no attribute 'rabbitmq_url'"}
2025-11-13 13:40:45,664 | ERROR | {'status': 'consumer_exception', 'error': "'Settings' object has no attribute 'rabbitmq_url'"}
2025-11-13 13:40:50,669 | ERROR | {'status': 'consumer_exception', 'error': "'Settings' object has no attribute 'rabbitmq_url'"}
2025-11-13 13:40:55,678 | ERROR | {'status': 'consumer_exception', 'error': "'Settings' object has no attribute 'rabbitmq_url'"}
2025-11-13 13:41:00,685 | ERROR | {'status': 'consumer_exception', 'error': "'Settings' object has no attribute 'rabbitmq_url'"}
2025-11-13 13:41:05,696 | ERROR | {'status': 'consumer_exception', 'error': "'Settings' object has no attribute 'rabbitmq_url'"}
2025-11-13 13:41:10,708 | ERROR | {'status': 'consumer_exception', 'error': "'Settings' object has no attribute 'rabbitmq_url'"}
2025-11-13 13:41:15,719 | ERROR | {'status': 'consumer_exception', 'error': "'Settings' object has no attribute 'rabbitmq_url'"}
2025-11-13 13:41:20,723 | ERROR | {'status': 'consumer_exception', 'error': "'Settings' object has no attribute 'rabbitmq_url'"}
2025-11-13 13:41:25,734 | ERROR | {'status': 'consumer_exception', 'error': "'Settings' object has no attribute 'rabbitmq_url'"}
2025-11-13 13:41:30,744 | ERROR | {'status': 'consumer_exception', 'error': "'Settings' object has no attribute 'rabbitmq_url'"}
2025-11-13 13:41:35,753 | ERROR | {'status': 'consumer_exception', 'error': "'Settings' object has no attribute 'rabbitmq_url'"}
2025-11-13 13:41:40,769 | ERROR | {'status': 'consumer_exception', 'error': "'Settings' object has no attribute 'rabbitmq_url'"}
2025-11-13 13:41:45,771 | ERROR | {'status': 'consumer_exception', 'error': "'Settings' object has no attribute 'rabbitmq_url'"}
2025-11-13 13:41:50,782 | ERROR | {'status': 'consumer_exception', 'error': "'Settings' object has no attribute 'rabbitmq_url'"}
2025-11-13 13:41:55,790 | ERROR | {'status': 'consumer_exception', 'error': "'Settings' object has no attribute 'rabbitmq_url'"}
2025-11-13 13:42:00,795 | ERROR | {'status': 'consumer_exception', 'error': "'Settings' object has no attribute 'rabbitmq_url'"}
2025-11-13 13:42:05,805 | ERROR | {'status': 'consumer_exception', 'error': "'Settings' object has no attribute 'rabbitmq_url'"}
2025-11-13 13:42:10,807 | ERROR | {'status': 'consumer_exception', 'error': "'Settings' object has no attribute 'rabbitmq_url'"}
2025-11-13 13:42:15,818 | ERROR | {'status': 'consumer_exception', 'error': "'Settings' object has no attribute 'rabbitmq_url'"}
2025-11-13 13:42:20,820 | ERROR | {'status': 'consumer_exception', 'error': "'Settings' object has no attribute 'rabbitmq_url'"}
2025-11-13 13:42:25,824 | ERROR | {'status': 'consumer_exception', 'error': "'Settings' object has no attribute 'rabbitmq_url'"}
2025-11-13 13:42:28,942 | ERROR | {'status': 'consumer_exception', 'error': "'Settings' object has no attribute 'rabbitmq_url'"}
2025-11-13 13:42:33,944 | ERROR | {'status': 'consumer_exception', 'error': "'Settings' object has no attribute 'rabbitmq_url'"}
2025-11-13 13:42:38,955 | ERROR | {'status': 'consumer_exception', 'error': "'Settings' object has no attribute 'rabbitmq_url'"}
2025-11-13 13:42:43,965 | ERROR | {'status': 'consumer_exception', 'error': "'Settings' object has no attribute 'rabbitmq_url'"}
2025-11-13 13:42:48,975 | ERROR | {'status': 'consumer_exception', 'error': "'Settings' object has no attribute 'rabbitmq_url'"}
2025-11-13 13:42:53,992 | ERROR | {'status': 'consumer_exception', 'error': "'Settings' object has no attribute 'rabbitmq_url'"}
2025-11-13 13:42:59,001 | ERROR | {'status': 'consumer_exception', 'error': "'Settings' object has no attribute 'rabbitmq_url'"}
2025-11-13 13:43:04,012 | ERROR | {'status': 'consumer_exception', 'error': "'Settings' object has no attribute 'rabbitmq_url'"}
2025-11-13 13:43:09,020 | ERROR | {'status': 'consumer_exception', 'error': "'Settings' object has no attribute 'rabbitmq_url'"}
2025-11-13 13:43:14,027 | ERROR | {'status': 'consumer_exception', 'error': "'Settings' object has no attribute 'rabbitmq_url'"}
2025-11-13 13:43:19,038 | ERROR | {'status': 'consumer_exception', 'error': "'Settings' object has no attribute 'rabbitmq_url'"}
2025-11-13 13:43:24,050 | ERROR | {'status': 'consumer_exception', 'error': "'Settings' object has no attribute 'rabbitmq_url'"}
2025-11-13 13:43:29,052 | ERROR | {'status': 'consumer_exception', 'error': "'Settings' object has no attribute 'rabbitmq_url'"}
2025-11-13 13:43:34,063 | ERROR | {'status': 'consumer_exception', 'error': "'Settings' object has no attribute 'rabbitmq_url'"}
2025-11-13 13:43:39,072 | ERROR | {'status': 'consumer_exception', 'error': "'Settings' object has no attribute 'rabbitmq_url'"}
2025-11-13 13:43:44,089 | ERROR | {'status': 'consumer_exception', 'error': "'Settings' object has no attribute 'rabbitmq_url'"}
2025-11-13 13:43:49,093 | ERROR | {'status': 'consumer_exception', 'error': "'Settings' object has no attribute 'rabbitmq_url'"}
2025-11-13 13:43:54,096 | ERROR | {'status': 'consumer_exception', 'error': "'Settings' object has no attribute 'rabbitmq_url'"}
2025-11-13 13:43:59,107 | ERROR | {'status': 'consumer_exception', 'error': "'Settings' object has no attribute 'rabbitmq_url'"}
2025-11-13 13:44:04,113 | ERROR | {'status': 'consumer_exception', 'error': "'Settings' object has no attribute 'rabbitmq_url'"}
2025-11-13 13:44:09,123 | ERROR | {'status': 'consumer_exception', 'error': "'Settings' object has no attribute 'rabbitmq_url'"}
2025-11-13 13:44:14,139 | ERROR | {'status': 'consumer_exception', 'error': "'Settings' object has no attribute 'rabbitmq_url'"}
2025-11-13 13:44:19,155 | ERROR | {'status': 'consumer_exception', 'error': "'Settings' object has no attribute 'rabbitmq_url'"}
2025-11-13 13:44:24,165 | ERROR | {'status': 'consumer_exception', 'error': "'Settings' object has no attribute 'rabbitmq_url'"}
2025-11-13 13:44:29,167 | ERROR | {'status': 'consumer_exception', 'error': "'Settings' object has no attribute 'rabbitmq_url'"}
2025-11-13 13:44:34,179 | ERROR | {'status': 'consumer_exception', 'error': "'Settings' object has no attribute 'rabbitmq_url'"}
2025-11-13 13:44:39,191 | ERROR | {'status': 'consumer_exception', 'error': "'Settings' object has no attribute 'rabbitmq_url'"}
2025-11-13 13:44:44,208 | ERROR | {'status': 'consumer_exception', 'error': "'Settings' object has no attribute 'rabbitmq_url'"}
2025-11-13 13:44:49,214 | ERROR | {'status': 'consumer_exception', 'error': "'Settings' object has no attribute 'rabbitmq_url'"}
2025-11-13 13:44:54,225 | ERROR | {'status': 'consumer_exception', 'error': "'Settings' object has no attribute 'rabbitmq_url'"}
2025-11-13 13:44:59,238 | ERROR | {'status': 'consumer_exception', 'error': "'Settings' object has no attribute 'rabbitmq_url'"}
2025-11-13 13:45:04,245 | ERROR | {'status': 'consumer_exception', 'error': "'Settings' object has no attribute 'rabbitmq_url'"}
2025-11-13 13:45:09,258 | ERROR | {'status': 'consumer_exception', 'error': "'Settings' object has no attribute 'rabbitmq_url'"}
2025-11-13 13:45:14,271 | ERROR | {'status': 'consumer_exception', 'error': "'Settings' object has no attribute 'rabbitmq_url'"}
2025-11-13 13:45:19,287 | ERROR | {'status': 'consumer_exception', 'error': "'Settings' object has no attribute 'rabbitmq_url'"}
2025-11-13 13:45:24,306 | ERROR | {'status': 'consumer_exception', 'error': "'Settings' object has no attribute 'rabbitmq_url'"}
2025-11-13 13:45:29,310 | ERROR | {'status': 'consumer_exception', 'error': "'Settings' object has no attribute 'rabbitmq_url'"}
2025-11-13 13:45:34,327 | ERROR | {'status': 'consumer_exception', 'error': "'Settings' object has no attribute 'rabbitmq_url'"}
2025-11-13 13:45:40,764 | ERROR | {'status': 'consumer_exception', 'error': "'Settings' object has no attribute 'rabbitmq_url'"}
2025-11-13 13:45:45,772 | ERROR | {'status': 'consumer_exception', 'error': "'Settings' object has no attribute 'rabbitmq_url'"}
2025-11-13 13:45:50,774 | ERROR | {'status': 'consumer_exception', 'error': "'Settings' object has no attribute 'rabbitmq_url'"}
2025-11-13 13:45:55,788 | ERROR | {'status': 'consumer_exception', 'error': "'Settings' object has no attribute 'rabbitmq_url'"}
2025-11-13 13:46:00,798 | ERROR | {'status': 'consumer_exception', 'error': "'Settings' object has no attribute 'rabbitmq_url'"}
2025-11-13 13:46:05,810 | ERROR | {'status': 'consumer_exception', 'error': "'Settings' object has no attribute 'rabbitmq_url'"}
2025-11-13 13:46:10,882 | ERROR | {'status': 'consumer_exception', 'error': "'Settings' object has no attribute 'rabbitmq_url'"}
2025-11-13 13:46:15,891 | ERROR | {'status': 'consumer_exception', 'error': "'Settings' object has no attribute 'rabbitmq_url'"}
2025-11-13 13:46:20,902 | ERROR | {'status': 'consumer_exception', 'error': "'Settings' object has no attribute 'rabbitmq_url'"}
2025-11-13 13:46:25,904 | ERROR | {'status': 'consumer_exception', 'error': "'Settings' object has no attribute 'rabbitmq_url'"}
2025-11-13 13:46:30,913 | ERROR | {'status': 'consumer_exception', 'error': "'Settings' object has no attribute 'rabbitmq_url'"}
2025-11-13 13:46:35,921 | ERROR | {'status': 'consumer_exception', 'error': "'Settings' object has no attribute 'rabbitmq_url'"}
2025-11-13 13:46:40,929 | ERROR | {'status': 'consumer_exception', 'error': "'Settings' object has no attribute 'rabbitmq_url'"}
2025-11-13 13:46:45,945 | ERROR | {'status': 'consumer_exception', 'error': "'Settings' object has no attribute 'rabbitmq_url'"}
2025-11-13 13:46:50,956 | ERROR | {'status': 'consumer_exception', 'error': "'Settings' object has no attribute 'rabbitmq_url'"}
2025-11-13 13:46:55,961 | ERROR | {'status': 'consumer_exception', 'error': "'Settings' object has no attribute 'rabbitmq_url'"}
2025-11-13 13:47:00,970 | ERROR | {'status': 'consumer_exception', 'error': "'Settings' object has no attribute 'rabbitmq_url'"}
2025-11-13 13:47:05,973 | ERROR | {'status': 'consumer_exception', 'error': "'Settings' object has no attribute 'rabbitmq_url'"}
2025-11-13 13:47:10,981 | ERROR | {'status': 'consumer_exception', 'error': "'Settings' object has no attribute 'rabbitmq_url'"}
2025-11-13 13:47:15,991 | ERROR | {'status': 'consumer_exception', 'error': "'Settings' object has no attribute 'rabbitmq_url'"}
2025-11-13 13:47:21,006 | ERROR | {'status': 'consumer_exception', 'error': "'Settings' object has no attribute 'rabbitmq_url'"}
2025-11-13 13:47:26,020 | ERROR | {'status': 'consumer_exception', 'error': "'Settings' object has no attribute 'rabbitmq_url'"}
2025-11-13 13:47:31,027 | ERROR | {'status': 'consumer_exception', 'error': "'Settings' object has no attribute 'rabbitmq_url'"}
2025-11-13 13:47:36,037 | ERROR | {'status': 'consumer_exception', 'error': "'Settings' object has no attribute 'rabbitmq_url'"}
2025-11-13 13:47:41,050 | ERROR | {'status': 'consumer_exception', 'error': "'Settings' object has no attribute 'rabbitmq_url'"}
2025-11-13 13:47:46,056 | ERROR | {'status': 'consumer_exception', 'error': "'Settings' object has no attribute 'rabbitmq_url'"}
2025-11-13 13:47:47,757 | ERROR | {'status': 'consumer_exception', 'error': "'Settings' object has no attribute 'rabbitmq_url'"}
2025-11-13 13:47:52,764 | ERROR | {'status': 'consumer_exception', 'error': "'Settings' object has no attribute 'rabbitmq_url'"}
2025-11-13 13:47:57,775 | ERROR | {'status': 'consumer_exception', 'error': "'Settings' object has no attribute 'rabbitmq_url'"}
2025-11-13 13:48:02,801 | ERROR | {'status': 'consumer_exception', 'error': "'Settings' object has no attribute 'rabbitmq_url'"}
2025-11-13 13:48:07,812 | ERROR | {'status': 'consumer_exception', 'error': "'Settings' object has no attribute 'rabbitmq_url'"}
2025-11-13 13:48:12,825 | ERROR | {'status': 'consumer_exception', 'error': "'Settings' object has no attribute 'rabbitmq_url'"}
2025-11-13 13:48:17,830 | ERROR | {'status': 'consumer_exception', 'error': "'Settings' object has no attribute 'rabbitmq_url'"}
2025-11-13 13:48:22,835 | ERROR | {'status': 'consumer_exception', 'error': "'Settings' object has no attribute 'rabbitmq_url'"}
2025-11-13 13:48:27,837 | ERROR | {'status': 'consumer_exception', 'error': "'Settings' object has no attribute 'rabbitmq_url'"}
2025-11-13 13:48:32,843 | ERROR | {'status': 'consumer_exception', 'error': "'Settings' object has no attribute 'rabbitmq_url'"}
2025-11-13 13:48:37,856 | ERROR | {'status': 'consumer_exception', 'error': "'Settings' object has no attribute 'rabbitmq_url'"}
2025-11-13 13:48:42,867 | ERROR | {'status': 'consumer_exception', 'error': "'Settings' object has no attribute 'rabbitmq_url'"}
2025-11-13 13:48:47,871 | ERROR | {'status': 'consumer_exception', 'error': "'Settings' object has no attribute 'rabbitmq_url'"}
2025-11-13 13:48:52,882 | ERROR | {'status': 'consumer_exception', 'error': "'Settings' object has no attribute 'rabbitmq_url'"}
2025-11-13 13:48:57,888 | ERROR | {'status': 'consumer_exception', 'error': "'Settings' object has no attribute 'rabbitmq_url'"}
2025-11-13 13:49:02,894 | ERROR | {'status': 'consumer_exception', 'error': "'Settings' object has no attribute 'rabbitmq_url'"}
2025-11-13 13:49:07,907 | ERROR | {'status': 'consumer_exception', 'error': "'Settings' object has no attribute 'rabbitmq_url'"}
2025-11-13 13:49:12,923 | ERROR | {'status': 'consumer_exception', 'error': "'Settings' object has no attribute 'rabbitmq_url'"}
2025-11-13 13:49:17,934 | ERROR | {'status': 'consumer_exception', 'error': "'Settings' object has no attribute 'rabbitmq_url'"}
2025-11-13 13:49:22,940 | ERROR | {'status': 'consumer_exception', 'error': "'Settings' object has no attribute 'rabbitmq_url'"}
2025-11-13 13:49:27,949 | ERROR | {'status': 'consumer_exception', 'error': "'Settings' object has no attribute 'rabbitmq_url'"}
2025-11-13 13:49:32,959 | ERROR | {'status': 'consumer_exception', 'error': "'Settings' object has no attribute 'rabbitmq_url'"}
2025-11-13 13:49:37,969 | ERROR | {'status': 'consumer_exception', 'error': "'Settings' object has no attribute 'rabbitmq_url'"}
2025-11-13 13:49:42,984 | ERROR | {'status': 'consumer_exception', 'error': "'Settings' object has no attribute 'rabbitmq_url'"}
2025-11-13 13:49:47,993 | ERROR | {'status': 'consumer_exception', 'error': "'Settings' object has no attribute 'rabbitmq_url'"}
2025-11-13 13:49:53,000 | ERROR | {'status': 'consumer_exception', 'error': "'Settings' object has no attribute 'rabbitmq_url'"}
2025-11-13 13:49:58,006 | ERROR | {'status': 'consumer_exception', 'error': "'Settings' object has no attribute 'rabbitmq_url'"}
2025-11-13 13:50:03,013 | ERROR | {'status': 'consumer_exception', 'error': "'Settings' object has no attribute 'rabbitmq_url'"}
2025-11-13 13:50:08,023 | ERROR | {'status': 'consumer_exception', 'error': "'Settings' object has no attribute 'rabbitmq_url'"}
2025-11-13 13:50:13,037 | ERROR | {'status': 'consumer_exception', 'error': "'Settings' object has no attribute 'rabbitmq_url'"}
2025-11-13 13:50:18,049 | ERROR | {'status': 'consumer_exception', 'error': "'Settings' object has no attribute 'rabbitmq_url'"}
2025-11-13 13:50:23,056 | ERROR | {'status': 'consumer_exception', 'error': "'Settings' object has no attribute 'rabbitmq_url'"}
2025-11-13 13:50:28,067 | ERROR | {'status': 'consumer_exception', 'error': "'Settings' object has no attribute 'rabbitmq_url'"}
2025-11-13 13:50:33,076 | ERROR | {'status': 'consumer_exception', 'error': "'Settings' object has no attribute 'rabbitmq_url'"}
2025-11-13 13:50:38,092 | ERROR | {'status': 'consumer_exception', 'error': "'Settings' object has no attribute 'rabbitmq_url'"}
2025-11-13 13:50:43,101 | ERROR | {'status': 'consumer_exception', 'error': "'Settings' object has no attribute 'rabbitmq_url'"}
2025-11-13 13:50:48,108 | ERROR | {'status': 'consumer_exception', 'error': "'Settings' object has no attribute 'rabbitmq_url'"}
2025-11-13 13:50:53,122 | ERROR | {'status': 'consumer_exception', 'error': "'Settings' object has no attribute 'rabbitmq_url'"}
2025-11-13 13:50:58,135 | ERROR | {'status': 'consumer_exception', 'error': "'Settings' object has no attribute 'rabbitmq_url'"}
2025-11-13 13:51:03,150 | ERROR | {'status': 'consumer_exception', 'error': "'Settings' object has no attribute 'rabbitmq_url'"}
2025-11-13 13:51:08,166 | ERROR | {'status': 'consumer_exception', 'error': "'Settings' object has no attribute 'rabbitmq_url'"}
2025-11-13 13:51:13,177 | ERROR | {'status': 'consumer_exception', 'error': "'Settings' object has no attribute 'rabbitmq_url'"}
2025-11-13 13:51:18,187 | ERROR | {'status': 'consumer_exception', 'error': "'Settings' object has no attribute 'rabbitmq_url'"}
2025-11-13 13:51:23,201 | ERROR | {'status': 'consumer_exception', 'error': "'Settings' object has no attribute 'rabbitmq_url'"}
2025-11-13 13:51:28,203 | ERROR | {'status': 'consumer_exception', 'error': "'Settings' object has no attribute 'rabbitmq_url'"}
2025-11-13 13:51:33,209 | ERROR | {'status': 'consumer_exception', 'error': "'Settings' object has no attribute 'rabbitmq_url'"}
2025-11-13 13:51:38,215 | ERROR | {'status': 'consumer_exception', 'error': "'Settings' object has no attribute 'rabbitmq_url'"}
2025-11-13 13:51:43,220 | ERROR | {'status': 'consumer_exception', 'error': "'Settings' object has no attribute 'rabbitmq_url'"}
2025-11-13 13:51:48,226 | ERROR | {'status': 'consumer_exception', 'error': "'Settings' object has no attribute 'rabbitmq_url'"}
2025-11-13 13:51:53,240 | ERROR | {'status': 'consumer_exception', 'error': "'Settings' object has no attribute 'rabbitmq_url'"}
2025-11-13 13:51:58,254 | ERROR | {'status': 'consumer_exception', 'error': "'Settings' object has no attribute 'rabbitmq_url'"}
2025-11-13 13:52:03,269 | ERROR | {'status': 'consumer_exception', 'error': "'Settings' object has no attribute 'rabbitmq_url'"}
2025-11-13 13:52:08,286 | ERROR | {'status': 'consumer_exception', 'error': "'Settings' object has no attribute 'rabbitmq_url'"}
2025-11-13 13:52:13,296 | ERROR | {'status': 'consumer_exception', 'error': "'Settings' object has no attribute 'rabbitmq_url'"}
2025-11-13 13:52:18,312 | ERROR | {'status': 'consumer_exception', 'error': "'Settings' object has no attribute 'rabbitmq_url'"}
2025-11-13 13:52:20,200 | ERROR | {'status': 'consumer_exception', 'error': "'Settings' object has no attribute 'rabbitmq_url'"}
2025-11-13 13:52:25,213 | ERROR | {'status': 'consumer_exception', 'error': "'Settings' object has no attribute 'rabbitmq_url'"}
2025-11-13 13:52:30,216 | ERROR | {'status': 'consumer_exception', 'error': "'Settings' object has no attribute 'rabbitmq_url'"}
2025-11-13 13:52:35,219 | ERROR | {'status': 'consumer_exception', 'error': "'Settings' object has no attribute 'rabbitmq_url'"}
2025-11-13 13:52:40,232 | ERROR | {'status': 'consumer_exception', 'error': "'Settings' object has no attribute 'rabbitmq_url'"}
2025-11-13 13:52:45,239 | ERROR | {'status': 'consumer_exception', 'error': "'Settings' object has no attribute 'rabbitmq_url'"}
2025-11-13 13:52:50,255 | ERROR | {'status': 'consumer_exception', 'error': "'Settings' object has no attribute 'rabbitmq_url'"}
2025-11-13 13:52:55,704 | ERROR | {'status': 'consumer_exception', 'error': "'Settings' object has no attribute 'rabbitmq_url'"}
2025-11-13 13:53:00,707 | ERROR | {'status': 'consumer_exception', 'error': "'Settings' object has no attribute 'rabbitmq_url'"}
2025-11-13 13:53:05,709 | ERROR | {'status': 'consumer_exception', 'error': "'Settings' object has no attribute 'rabbitmq_url'"}
2025-11-13 13:53:10,712 | ERROR | {'status': 'consumer_exception', 'error': "'Settings' object has no attribute 'rabbitmq_url'"}
2025-11-13 13:53:15,736 | ERROR | {'status': 'consumer_exception', 'error': "'Settings' object has no attribute 'rabbitmq_url'"}
2025-11-13 13:53:20,790 | ERROR | {'status': 'consumer_exception', 'error': "'Settings' object has no attribute 'rabbitmq_url'"}
2025-11-13 13:53:25,806 | ERROR | {'status': 'consumer_exception', 'error': "'Settings' object has no attribute 'rabbitmq_url'"}
2025-11-13 13:53:31,620 | ERROR | {'status': 'consumer_exception', 'error': "'Settings' object has no attribute 'rabbitmq_url'"}
2025-11-13 13:53:36,632 | ERROR | {'status': 'consumer_exception', 'error': "'Settings' object has no attribute 'rabbitmq_url'"}
2025-11-13 13:53:41,644 | ERROR | {'status': 'consumer_exception', 'error': "'Settings' object has no attribute 'rabbitmq_url'"}
2025-11-13 13:53:46,649 | ERROR | {'status': 'consumer_exception', 'error': "'Settings' object has no attribute 'rabbitmq_url'"}
2025-11-13 13:53:51,666 | ERROR | {'status': 'consumer_exception', 'error': "'Settings' object has no attribute 'rabbitmq_url'"}
2025-11-13 13:53:56,682 | ERROR | {'status': 'consumer_exception', 'error': "'Settings' object has no attribute 'rabbitmq_url'"}
2025-11-13 13:54:01,699 | ERROR | {'status': 'consumer_exception', 'error': "'Settings' object has no attribute 'rabbitmq_url'"}
2025-11-13 13:54:06,702 | ERROR | {'status': 'consumer_exception', 'error': "'Settings' object has no attribute 'rabbitmq_url'"}
2025-11-13 13:54:11,718 | ERROR | {'status': 'consumer_exception', 'error': "'Settings' object has no attribute 'rabbitmq_url'"}
2025-11-13 13:54:16,728 | ERROR | {'status': 'consumer_exception', 'error': "'Settings' object has no attribute 'rabbitmq_url'"}
2025-11-13 13:54:21,730 | ERROR | {'status': 'consumer_exception', 'error': "'Settings' object has no attribute 'rabbitmq_url'"}
2025-11-13 13:54:26,747 | ERROR | {'status': 'consumer_exception', 'error': "'Settings' object has no attribute 'rabbitmq_url'"}
2025-11-13 13:54:31,752 | ERROR | {'status': 'consumer_exception', 'error': "'Settings' object has no attribute 'rabbitmq_url'"}
2025-11-13 13:54:36,759 | ERROR | {'status': 'consumer_exception', 'error': "'Settings' object has no attribute 'rabbitmq_url'"}
2025-11-13 13:54:41,776 | ERROR | {'status': 'consumer_exception', 'error': "'Settings' object has no attribute 'rabbitmq_url'"}
2025-11-13 13:54:46,783 | ERROR | {'status': 'consumer_exception', 'error': "'Settings' object has no attribute 'rabbitmq_url'"}
2025-11-13 13:54:51,787 | ERROR | {'status': 'consumer_exception', 'error': "'Settings' object has no attribute 'rabbitmq_url'"}
2025-11-13 13:54:56,789 | ERROR | {'status': 'consumer_exception', 'error': "'Settings' object has no attribute 'rabbitmq_url'"}
2025-11-13 13:55:01,811 | ERROR | {'status': 'consumer_exception', 'error': "'Settings' object has no attribute 'rabbitmq_url'"}
2025-11-13 13:55:06,842 | ERROR | {'status': 'consumer_exception', 'error': "'Settings' object has no attribute 'rabbitmq_url'"}
2025-11-13 13:55:11,848 | ERROR | {'status': 'consumer_exception', 'error': "'Settings' object has no attribute 'rabbitmq_url'"}
2025-11-13 13:55:16,852 | ERROR | {'status': 'consumer_exception', 'error': "'Settings' object has no attribute 'rabbitmq_url'"}
2025-11-13 13:55:21,854 | ERROR | {'status': 'consumer_exception', 'error': "'Settings' object has no attribute 'rabbitmq_url'"}
2025-11-13 13:55:26,869 | ERROR | {'status': 'consumer_exception', 'error': "'Settings' object has no attribute 'rabbitmq_url'"}
2025-11-13 13:55:31,883 | ERROR | {'status': 'consumer_exception', 'error': "'Settings' object has no attribute 'rabbitmq_url'"}
2025-11-13 13:55:36,896 | ERROR | {'status': 'consumer_exception', 'error': "'Settings' object has no attribute 'rabbitmq_url'"}
2025-11-13 13:55:41,907 | ERROR | {'status': 'consumer_exception', 'error': "'Settings' object has no attribute 'rabbitmq_url'"}
2025-11-13 13:55:46,909 | ERROR | {'status': 'consumer_exception', 'error': "'Settings' object has no attribute 'rabbitmq_url'"}
2025-11-13 13:55:51,913 | ERROR | {'status': 'consumer_exception', 'error': "'Settings' object has no attribute 'rabbitmq_url'"}
2025-11-13 13:55:56,928 | ERROR | {'status': 'consumer_exception', 'error': "'Settings' object has no attribute 'rabbitmq_url'"}
2025-11-13 13:56:01,932 | ERROR | {'status': 'consumer_exception', 'error': "'Settings' object has no attribute 'rabbitmq_url'"}
2025-11-13 13:56:06,944 | ERROR | {'status': 'consumer_exception', 'error': "'Settings' object has no attribute 'rabbitmq_url'"}
2025-11-13 13:56:11,961 | ERROR | {'status': 'consumer_exception', 'error': "'Settings' object has no attribute 'rabbitmq_url'"}
2025-11-13 13:56:16,977 | ERROR | {'status': 'consumer_exception', 'error': "'Settings' object has no attribute 'rabbitmq_url'"}
2025-11-13 13:56:21,980 | ERROR | {'status': 'consumer_exception', 'error': "'Settings' object has no attribute 'rabbitmq_url'"}
2025-11-13 13:56:26,995 | ERROR | {'status': 'consumer_exception', 'error': "'Settings' object has no attribute 'rabbitmq_url'"}
2025-11-13 13:56:31,998 | ERROR | {'status': 'consumer_exception', 'error': "'Settings' object has no attribute 'rabbitmq_url'"}
2025-11-13 13:56:37,004 | ERROR | {'status': 'consumer_exception', 'error': "'Settings' object has no attribute 'rabbitmq_url'"}
2025-11-13 13:56:42,009 | ERROR | {'status': 'consumer_exception', 'error': "'Settings' object has no attribute 'rabbitmq_url'"}
2025-11-13 13:56:47,026 | ERROR | {'status': 'consumer_exception', 'error': "'Settings' object has no attribute 'rabbitmq_url'"}
2025-11-13 13:56:52,031 | ERROR | {'status': 'consumer_exception', 'error': "'Settings' object has no attribute 'rabbitmq_url'"}
2025-11-13 13:56:57,032 | ERROR | {'status': 'consumer_exception', 'error': "'Settings' object has no attribute 'rabbitmq_url'"}
2025-11-13 13:57:02,046 | ERROR | {'status': 'consumer_exception', 'error': "'Settings' object has no attribute 'rabbitmq_url'"}
2025-11-13 13:57:07,050 | ERROR | {'status': 'consumer_exception', 'error': "'Settings' object has no attribute 'rabbitmq_url'"}
2025-11-13 13:57:12,053 | ERROR | {'status': 'consumer_exception', 'error': "'Settings' object has no attribute 'rabbitmq_url'"}
2025-11-13 13:57:17,064 | ERROR | {'status': 'consumer_exception', 'error': "'Settings' object has no attribute 'rabbitmq_url'"}
2025-11-13 13:57:22,071 | ERROR | {'status': 'consumer_exception', 'error': "'Settings' object has no attribute 'rabbitmq_url'"}
2025-11-13 13:57:27,077 | ERROR | {'status': 'consumer_exception', 'error': "'Settings' object has no attribute 'rabbitmq_url'"}
2025-11-13 13:57:32,090 | ERROR | {'status': 'consumer_exception', 'error': "'Settings' object has no attribute 'rabbitmq_url'"}
2025-11-13 13:57:37,105 | ERROR | {'status': 'consumer_exception', 'error': "'Settings' object has no attribute 'rabbitmq_url'"}
2025-11-13 13:57:42,111 | ERROR | {'status': 'consumer_exception', 'error': "'Settings' object has no attribute 'rabbitmq_url'"}
2025-11-13 13:57:47,124 | ERROR | {'status': 'consumer_exception', 'error': "'Settings' object has no attribute 'rabbitmq_url'"}
2025-11-13 13:57:52,136 | ERROR | {'status': 'consumer_exception', 'error': "'Settings' object has no attribute 'rabbitmq_url'"}
2025-11-13 13:57:57,145 | ERROR | {'status': 'consumer_exception', 'error': "'Settings' object has no attribute 'rabbitmq_url'"}
2025-11-13 13:58:02,153 | ERROR | {'status': 'consumer_exception', 'error': "'Settings' object has no attribute 'rabbitmq_url'"}
2025-11-13 13:58:07,159 | ERROR | {'status': 'consumer_exception', 'error': "'Settings' object has no attribute 'rabbitmq_url'"}
2025-11-13 13:58:12,174 | ERROR | {'status': 'consumer_exception', 'error': "'Settings' object has no attribute 'rabbitmq_url'"}
2025-11-13 13:58:17,177 | ERROR | {'status': 'consumer_exception', 'error': "'Settings' object has no attribute 'rabbitmq_url'"}
2025-11-13 13:58:22,181 | ERROR | {'status': 'consumer_exception', 'error': "'Settings' object has no attribute 'rabbitmq_url'"}
2025-11-13 13:58:27,187 | ERROR | {'status': 'consumer_exception', 'error': "'Settings' object has no attribute 'rabbitmq_url'"}
2025-11-13 13:58:32,197 | ERROR | {'status': 'consumer_exception', 'error': "'Settings' object has no attribute 'rabbitmq_url'"}
2025-11-13 13:58:37,208 | ERROR | {'status': 'consumer_exception', 'error': "'Settings' object has no attribute 'rabbitmq_url'"}
2025-11-13 13:58:42,215 | ERROR | {'status': 'consumer_exception', 'error': "'Settings' object has no attribute 'rabbitmq_url'"}
2025-11-13 13:58:47,232 | ERROR | {'status': 'consumer_exception', 'error': "'Settings' object has no attribute 'rabbitmq_url'"}
2025-11-13 13:58:52,246 | ERROR | {'status': 'consumer_exception', 'error': "'Settings' object has no attribute 'rabbitmq_url'"}
2025-11-13 13:58:57,259 | ERROR | {'status': 'consumer_exception', 'error': "'Settings' object has no attribute 'rabbitmq_url'"}
2025-11-13 13:59:02,275 | ERROR | {'status': 'consumer_exception', 'error': "'Settings' object has no attribute 'rabbitmq_url'"}
2025-11-13 13:59:07,277 | ERROR | {'status': 'consumer_exception', 'error': "'Settings' object has no attribute 'rabbitmq_url'"}
2025-11-13 13:59:12,281 | ERROR | {'status': 'consumer_exception', 'error': "'Settings' object has no attribute 'rabbitmq_url'"}
2025-11-13 13:59:17,298 | ERROR | {'status': 'consumer_exception', 'error': "'Settings' object has no attribute 'rabbitmq_url'"}
2025-11-13 13:59:22,301 | ERROR | {'status': 'consumer_exception', 'error': "'Settings' object has no attribute 'rabbitmq_url'"}
2025-11-13 13:59:27,313 | ERROR | {'status': 'consumer_exception', 'error': "'Settings' object has no attribute 'rabbitmq_url'"}
2025-11-13 13:59:32,324 | ERROR | {'status': 'consumer_exception', 'error': "'Settings' object has no attribute 'rabbitmq_url'"}
2025-11-13 13:59:37,340 | ERROR | {'status': 'consumer_exception', 'error': "'Settings' object has no attribute 'rabbitmq_url'"}
2025-11-13 13:59:42,352 | ERROR | {'status': 'consumer_exception', 'error': "'Settings' object has no attribute 'rabbitmq_url'"}
2025-11-13 13:59:47,361 | ERROR | {'status': 'consumer_exception', 'error': "'Settings' object has no attribute 'rabbitmq_url'"}
2025-11-13 13:59:52,371 | ERROR | {'status': 'consumer_exception', 'error': "'Settings' object has no attribute 'rabbitmq_url'"}
2025-11-13 13:59:57,379 | ERROR | {'status': 'consumer_exception', 'error': "'Settings' object has no attribute 'rabbitmq_url'"}
2025-11-13 14:00:02,394 | ERROR | {'status': 'consumer_exception', 'error': "'Settings' object has no attribute 'rabbitmq_url'"}
2025-11-13 14:00:07,406 | ERROR | {'status': 'consumer_exception', 'error': "'Settings' object has no attribute 'rabbitmq_url'"}
2025-11-13 14:00:12,412 | ERROR | {'status': 'consumer_exception', 'error': "'Settings' object has no attribute 'rabbitmq_url'"}
2025-11-13 14:00:17,416 | ERROR | {'status': 'consumer_exception', 'error': "'Settings' object has no attribute 'rabbitmq_url'"}
2025-11-13 14:00:22,418 | ERROR | {'status': 'consumer_exception', 'error': "'Settings' object has no attribute 'rabbitmq_url'"}
2025-11-13 14:00:27,422 | ERROR | {'status': 'consumer_exception', 'error': "'Settings' object has no attribute 'rabbitmq_url'"}
2025-11-13 14:00:32,439 | ERROR | {'status': 'consumer_exception', 'error': "'Settings' object has no attribute 'rabbitmq_url'"}
2025-11-13 14:00:37,441 | ERROR | {'status': 'consumer_exception', 'error': "'Settings' object has no attribute 'rabbitmq_url'"}
2025-11-13 14:00:42,448 | ERROR | {'status': 'consumer_exception', 'error': "'Settings' object has no attribute 'rabbitmq_url'"}
2025-11-13 14:00:47,451 | ERROR | {'status': 'consumer_exception', 'error': "'Settings' object has no attribute 'rabbitmq_url'"}
2025-11-13 14:00:52,462 | ERROR | {'status': 'consumer_exception', 'error': "'Settings' object has no attribute 'rabbitmq_url'"}
2025-11-13 14:00:57,475 | ERROR | {'status': 'consumer_exception', 'error': "'Settings' object has no attribute 'rabbitmq_url'"}
2025-11-13 14:01:02,482 | ERROR | {'status': 'consumer_exception', 'error': "'Settings' object has no attribute 'rabbitmq_url'"}
2025-11-13 14:01:07,498 | ERROR | {'status': 'consumer_exception', 'error': "'Settings' object has no attribute 'rabbitmq_url'"}
2025-11-13 14:01:12,513 | ERROR | {'status': 'consumer_exception', 'error': "'Settings' object has no attribute 'rabbitmq_url'"}
2025-11-13 14:01:17,518 | ERROR | {'status': 'consumer_exception', 'error': "'Settings' object has no attribute 'rabbitmq_url'"}
2025-11-13 14:01:22,534 | ERROR | {'status': 'consumer_exception', 'error': "'Settings' object has no attribute 'rabbitmq_url'"}
2025-11-13 14:01:27,551 | ERROR | {'status': 'consumer_exception', 'error': "'Settings' object has no attribute 'rabbitmq_url'"}
2025-11-13 14:01:32,558 | ERROR | {'status': 'consumer_exception', 'error': "'Settings' object has no attribute 'rabbitmq_url'"}
2025-11-13 14:01:37,574 | ERROR | {'status': 'consumer_exception', 'error': "'Settings' object has no attribute 'rabbitmq_url'"}
2025-11-13 14:01:42,591 | ERROR | {'status': 'consumer_exception', 'error': "'Settings' object has no attribute 'rabbitmq_url'"}
2025-11-13 14:01:47,604 | ERROR | {'status': 'consumer_exception', 'error': "'Settings' object has no attribute 'rabbitmq_url'"}
2025-11-13 14:01:52,618 | ERROR | {'status': 'consumer_exception', 'error': "'Settings' object has no attribute 'rabbitmq_url'"}
2025-11-13 14:01:57,632 | ERROR | {'status': 'consumer_exception', 'error': "'Settings' object has no attribute 'rabbitmq_url'"}
2025-11-13 14:02:02,638 | ERROR | {'status': 'consumer_exception', 'error': "'Settings' object has no attribute 'rabbitmq_url'"}
2025-11-13 14:02:07,642 | ERROR | {'status': 'consumer_exception', 'error': "'Settings' object has no attribute 'rabbitmq_url'"}
2025-11-13 14:02:12,657 | ERROR | {'status': 'consumer_exception', 'error': "'Settings' object has no attribute 'rabbitmq_url'"}
2025-11-13 14:02:17,661 | ERROR | {'status': 'consumer_exception', 'error': "'Settings' object has no attribute 'rabbitmq_url'"}
2025-11-13 14:02:22,671 | ERROR | {'status': 'consumer_exception', 'error': "'Settings' object has no attribute 'rabbitmq_url'"}
2025-11-13 14:02:27,686 | ERROR | {'status': 'consumer_exception', 'error': "'Settings' object has no attribute 'rabbitmq_url'"}
2025-11-13 14:02:32,697 | ERROR | {'status': 'consumer_exception', 'error': "'Settings' object has no attribute 'rabbitmq_url'"}
2025-11-13 14:02:37,700 | ERROR | {'status': 'consumer_exception', 'error': "'Settings' object has no attribute 'rabbitmq_url'"}
2025-11-13 14:02:42,713 | ERROR | {'status': 'consumer_exception', 'error': "'Settings' object has no attribute 'rabbitmq_url'"}
2025-11-13 14:02:47,728 | ERROR | {'status': 'consumer_exception', 'error': "'Settings' object has no attribute 'rabbitmq_url'"}
2025-11-13 14:02:52,735 | ERROR | {'status': 'consumer_exception', 'error': "'Settings' object has no attribute 'rabbitmq_url'"}
2025-11-13 14:02:57,738 | ERROR | {'status': 'consumer_exception', 'error': "'Settings' object has no attribute 'rabbitmq_url'"}
2025-11-13 14:03:02,741 | ERROR | {'status': 'consumer_exception', 'error': "'Settings' object has no attribute 'rabbitmq_url'"}
2025-11-13 14:03:07,745 | ERROR | {'status': 'consumer_exception', 'error': "'Settings' object has no attribute 'rabbitmq_url'"}
2025-11-13 14:03:12,762 | ERROR | {'status': 'consumer_exception', 'error': "'Settings' object has no attribute 'rabbitmq_url'"}
2025-11-13 14:03:17,777 | ERROR | {'status': 'consumer_exception', 'error': "'Settings' object has no attribute 'rabbitmq_url'"}
2025-11-13 14:03:22,789 | ERROR | {'status': 'consumer_exception', 'error': "'Settings' object has no attribute 'rabbitmq_url'"}
2025-11-13 14:03:27,795 | ERROR | {'status': 'consumer_exception', 'error': "'Settings' object has no attribute 'rabbitmq_url'"}
2025-11-13 14:03:32,797 | ERROR | {'status': 'consumer_exception', 'error': "'Settings' object has no attribute 'rabbitmq_url'"}
2025-11-13 14:03:37,813 | ERROR | {'status': 'consumer_exception', 'error': "'Settings' object has no attribute 'rabbitmq_url'"}
2025-11-13 14:03:42,816 | ERROR | {'status': 'consumer_exception', 'error': "'Settings' object has no attribute 'rabbitmq_url'"}
2025-11-13 14:03:47,826 | ERROR | {'status': 'consumer_exception', 'error': "'Settings' object has no attribute 'rabbitmq_url'"}
2025-11-13 14:03:52,831 | ERROR | {'status': 'consumer_exception', 'error': "'Settings' object has no attribute 'rabbitmq_url'"}
2025-11-13 14:03:57,835 | ERROR | {'status': 'consumer_exception', 'error': "'Settings' object has no attribute 'rabbitmq_url'"}
2025-11-13 14:04:02,848 | ERROR | {'status': 'consumer_exception', 'error': "'Settings' object has no attribute 'rabbitmq_url'"}
2025-11-13 14:04:07,855 | ERROR | {'status': 'consumer_exception', 'error': "'Settings' object has no attribute 'rabbitmq_url'"}
2025-11-13 14:04:12,866 | ERROR | {'status': 'consumer_exception', 'error': "'Settings' object has no attribute 'rabbitmq_url'"}
2025-11-13 14:04:17,875 | ERROR | {'status': 'consumer_exception', 'error': "'Settings' object has no attribute 'rabbitmq_url'"}
2025-11-13 14:04:22,879 | ERROR | {'status': 'consumer_exception', 'error': "'Settings' object has no attribute 'rabbitmq_url'"}
2025-11-13 14:04:27,887 | ERROR | {'status': 'consumer_exception', 'error': "'Settings' object has no attribute 'rabbitmq_url'"}
2025-11-13 14:04:32,900 | ERROR | {'status': 'consumer_exception', 'error': "'Settings' object has no attribute 'rabbitmq_url'"}
2025-11-13 14:04:37,914 | ERROR | {'status': 'consumer_exception', 'error': "'Settings' object has no attribute 'rabbitmq_url'"}
2025-11-13 14:04:42,924 | ERROR | {'status': 'consumer_exception', 'error': "'Settings' object has no attribute 'rabbitmq_url'"}
2025-11-13 14:04:47,939 | ERROR | {'status': 'consumer_exception', 'error': "'Settings' object has no attribute 'rabbitmq_url'"}
2025-11-13 14:04:52,955 | ERROR | {'status': 'consumer_exception', 'error': "'Settings' object has no attribute 'rabbitmq_url'"}
2025-11-13 14:04:57,960 | ERROR | {'status': 'consumer_exception', 'error': "'Settings' object has no attribute 'rabbitmq_url'"}
2025-11-13 14:05:02,965 | ERROR | {'status': 'consumer_exception', 'error': "'Settings' object has no attribute 'rabbitmq_url'"}
2025-11-13 14:05:07,977 | ERROR | {'status': 'consumer_exception', 'error': "'Settings' object has no attribute 'rabbitmq_url'"}
2025-11-13 14:05:12,987 | ERROR | {'status': 'consumer_exception', 'error': "'Settings' object has no attribute 'rabbitmq_url'"}
2025-11-13 14:05:17,996 | ERROR | {'status': 'consumer_exception', 'error': "'Settings' object has no attribute 'rabbitmq_url'"}
2025-11-13 14:05:23,007 | ERROR | {'status': 'consumer_exception', 'error': "'Settings' object has no attribute 'rabbitmq_url'"}
2025-11-13 14:05:28,020 | ERROR | {'status': 'consumer_exception', 'error': "'Settings' object has no attribute 'rabbitmq_url'"}
2025-11-13 14:05:33,031 | ERROR | {'status': 'consumer_exception', 'error': "'Settings' object has no attribute 'rabbitmq_url'"}
2025-11-13 14:05:38,043 | ERROR | {'status': 'consumer_exception', 'error': "'Settings' object has no attribute 'rabbitmq_url'"}
2025-11-13 14:05:43,057 | ERROR | {'status': 'consumer_exception', 'error': "'Settings' object has no attribute 'rabbitmq_url'"}
2025-11-13 14:05:48,073 | ERROR | {'status': 'consumer_exception', 'error': "'Settings' object has no attribute 'rabbitmq_url'"}
2025-11-13 14:05:53,082 | ERROR | {'status': 'consumer_exception', 'error': "'Settings' object has no attribute 'rabbitmq_url'"}
2025-11-13 14:05:58,098 | ERROR | {'status': 'consumer_exception', 'error': "'Settings' object has no attribute 'rabbitmq_url'"}
2025-11-13 14:06:03,115 | ERROR | {'status': 'consumer_exception', 'error': "'Settings' object has no attribute 'rabbitmq_url'"}
2025-11-13 14:06:08,124 | ERROR | {'status': 'consumer_exception', 'error': "'Settings' object has no attribute 'rabbitmq_url'"}
2025-11-13 14:06:13,126 | ERROR | {'status': 'consumer_exception', 'error': "'Settings' object has no attribute 'rabbitmq_url'"}
2025-11-13 14:06:18,134 | ERROR | {'status': 'consumer_exception', 'error': "'Settings' object has no attribute 'rabbitmq_url'"}
2025-11-13 14:06:23,142 | ERROR | {'status': 'consumer_exception', 'error': "'Settings' object has no attribute 'rabbitmq_url'"}
2025-11-13 14:06:28,150 | ERROR | {'status': 'consumer_exception', 'error': "'Settings' object has no attribute 'rabbitmq_url'"}
2025-11-13 14:06:33,156 | ERROR | {'status': 'consumer_exception', 'error': "'Settings' object has no attribute 'rabbitmq_url'"}
2025-11-13 14:06:38,167 | ERROR | {'status': 'consumer_exception', 'error': "'Settings' object has no attribute 'rabbitmq_url'"}
2025-11-13 14:06:43,181 | ERROR | {'status': 'consumer_exception', 'error': "'Settings' object has no attribute 'rabbitmq_url'"}
2025-11-13 14:06:48,195 | ERROR | {'status': 'consumer_exception', 'error': "'Settings' object has no attribute 'rabbitmq_url'"}
2025-11-13 14:06:53,210 | ERROR | {'status': 'consumer_exception', 'error': "'Settings' object has no attribute 'rabbitmq_url'"}
2025-11-13 14:06:58,213 | ERROR | {'status': 'consumer_exception', 'error': "'Settings' object has no attribute 'rabbitmq_url'"}
2025-11-13 14:07:03,230 | ERROR | {'status': 'consumer_exception', 'error': "'Settings' object has no attribute 'rabbitmq_url'"}
2025-11-13 14:07:08,233 | ERROR | {'status': 'consumer_exception', 'error': "'Settings' object has no attribute 'rabbitmq_url'"}
2025-11-13 14:07:13,243 | ERROR | {'status': 'consumer_exception', 'error': "'Settings' object has no attribute 'rabbitmq_url'"}
2025-11-13 14:07:18,254 | ERROR | {'status': 'consumer_exception', 'error': "'Settings' object has no attribute 'rabbitmq_url'"}
2025-11-13 14:07:23,265 | ERROR | {'status': 'consumer_exception', 'error': "'Settings' object has no attribute 'rabbitmq_url'"}
2025-11-13 14:07:28,278 | ERROR | {'status': 'consumer_exception', 'error': "'Settings' object has no attribute 'rabbitmq_url'"}
2025-11-13 14:07:33,293 | ERROR | {'status': 'consumer_exception', 'error': "'Settings' object has no attribute 'rabbitmq_url'"}
2025-11-13 14:07:38,304 | ERROR | {'status': 'consumer_exception', 'error': "'Settings' object has no attribute 'rabbitmq_url'"}
2025-11-13 14:07:43,314 | ERROR | {'status': 'consumer_exception', 'error': "'Settings' object has no attribute 'rabbitmq_url'"}
2025-11-13 14:07:48,326 | ERROR | {'status': 'consumer_exception', 'error': "'Settings' object has no attribute 'rabbitmq_url'"}
2025-11-13 14:07:53,333 | ERROR | {'status': 'consumer_exception', 'error': "'Settings' object has no attribute 'rabbitmq_url'"}
2025-11-13 14:07:58,342 | ERROR | {'status': 'consumer_exception', 'error': "'Settings' object has no attribute 'rabbitmq_url'"}
2025-11-13 14:08:03,358 | ERROR | {'status': 'consumer_exception', 'error': "'Settings' object has no attribute 'rabbitmq_url'"}
2025-11-13 14:08:08,366 | ERROR | {'status': 'consumer_exception', 'error': "'Settings' object has no attribute 'rabbitmq_url'"}
2025-11-13 14:08:13,383 | ERROR | {'status': 'consumer_exception', 'error': "'Settings' object has no attribute 'rabbitmq_url'"}
2025-11-13 14:08:18,387 | ERROR | {'status': 'consumer_exception', 'error': "'Settings' object has no attribute 'rabbitmq_url'"}
2025-11-13 14:08:23,403 | ERROR | {'status': 'consumer_exception', 'error': "'Settings' object has no attribute 'rabbitmq_url'"}
2025-11-13 14:08:28,419 | ERROR | {'status': 'consumer_exception', 'error': "'Settings' object has no attribute 'rabbitmq_url'"}
2025-11-13 14:08:33,424 | ERROR | {'status': 'consumer_exception', 'error': "'Settings' object has no attribute 'rabbitmq_url'"}
2025-11-13 14:08:38,434 | ERROR | {'status': 'consumer_exception', 'error': "'Settings' object has no attribute 'rabbitmq_url'"}
2025-11-13 14:08:43,437 | ERROR | {'status': 'consumer_exception', 'error': "'Settings' object has no attribute 'rabbitmq_url'"}
2025-11-13 14:08:48,443 | ERROR | {'status': 'consumer_exception', 'error': "'Settings' object has no attribute 'rabbitmq_url'"}
2025-11-13 14:08:53,449 | ERROR | {'status': 'consumer_exception', 'error': "'Settings' object has no attribute 'rabbitmq_url'"}
2025-11-13 14:08:58,464 | ERROR | {'status': 'consumer_exception', 'error': "'Settings' object has no attribute 'rabbitmq_url'"}
2025-11-13 14:09:03,466 | ERROR | {'status': 'consumer_exception', 'error': "'Settings' object has no attribute 'rabbitmq_url'"}
2025-11-13 14:09:08,472 | ERROR | {'status': 'consumer_exception', 'error': "'Settings' object has no attribute 'rabbitmq_url'"}
2025-11-13 14:09:13,487 | ERROR | {'status': 'consumer_exception', 'error': "'Settings' object has no attribute 'rabbitmq_url'"}
2025-11-13 14:09:18,504 | ERROR | {'status': 'consumer_exception', 'error': "'Settings' object has no attribute 'rabbitmq_url'"}
2025-11-13 14:09:23,517 | ERROR | {'status': 'consumer_exception', 'error': "'Settings' object has no attribute 'rabbitmq_url'"}
2025-11-13 14:09:28,525 | ERROR | {'status': 'consumer_exception', 'error': "'Settings' object has no attribute 'rabbitmq_url'"}
2025-11-13 14:09:33,537 | ERROR | {'status': 'consumer_exception', 'error': "'Settings' object has no attribute 'rabbitmq_url'"}
2025-11-13 14:09:38,542 | ERROR | {'status': 'consumer_exception', 'error': "'Settings' object has no attribute 'rabbitmq_url'"}
2025-11-13 14:09:43,553 | ERROR | {'status': 'consumer_exception', 'error': "'Settings' object has no attribute 'rabbitmq_url'"}
2025-11-13 14:09:48,607 | ERROR | {'status': 'consumer_exception', 'error': "'Settings' object has no attribute 'rabbitmq_url'"}
2025-11-13 14:09:53,610 | ERROR | {'status': 'consumer_exception', 'error': "'Settings' object has no attribute 'rabbitmq_url'"}
2025-11-13 14:09:58,623 | ERROR | {'status': 'consumer_exception', 'error': "'Settings' object has no attribute 'rabbitmq_url'"}
2025-11-13 14:10:03,632 | ERROR | {'status': 'consumer_exception', 'error': "'Settings' object has no attribute 'rabbitmq_url'"}
2025-11-13 14:10:08,647 | ERROR | {'status': 'consumer_exception', 'error': "'Settings' object has no attribute 'rabbitmq_url'"}
2025-11-13 14:10:13,664 | ERROR | {'status': 'consumer_exception', 'error': "'Settings' object has no attribute 'rabbitmq_url'"}
2025-11-13 14:10:18,673 | ERROR | {'status': 'consumer_exception', 'error': "'Settings' object has no attribute 'rabbitmq_url'"}
2025-11-13 14:10:23,686 | ERROR | {'status': 'consumer_exception', 'error': "'Settings' object has no attribute 'rabbitmq_url'"}
2025-11-13 14:10:28,690 | ERROR | {'status': 'consumer_exception', 'error': "'Settings' object has no attribute 'rabbitmq_url'"}
2025-11-13 14:10:33,706 | ERROR | {'status': 'consumer_exception', 'error': "'Settings' object has no attribute 'rabbitmq_url'"}
2025-11-13 14:10:38,710 | ERROR | {'status': 'consumer_exception', 'error': "'Settings' object has no attribute 'rabbitmq_url'"}
2025-11-13 14:10:43,719 | ERROR | {'status': 'consumer_exception', 'error': "'Settings' object has no attribute 'rabbitmq_url'"}
2025-11-13 14:10:48,733 | ERROR | {'status': 'consumer_exception', 'error': "'Settings' object has no attribute 'rabbitmq_url'"}
2025-11-13 14:10:53,736 | ERROR | {'status': 'consumer_exception', 'error': "'Settings' object has no attribute 'rabbitmq_url'"}
2025-11-13 14:10:58,747 | ERROR | {'status': 'consumer_exception', 'error': "'Settings' object has no attribute 'rabbitmq_url'"}
2025-11-13 14:11:03,754 | ERROR | {'status': 'consumer_exception', 'error': "'Settings' object has no attribute 'rabbitmq_url'"}
2025-11-13 14:11:08,759 | ERROR | {'status': 'consumer_exception', 'error': "'Settings' object has no attribute 'rabbitmq_url'"}
2025-11-13 14:11:13,772 | ERROR | {'status': 'consumer_exception', 'error': "'Settings' object has no attribute 'rabbitmq_url'"}
2025-11-13 14:11:18,789 | ERROR | {'status': 'consumer_exception', 'error': "'Settings' object has no attribute 'rabbitmq_url'"}
2025-11-13 14:11:23,792 | ERROR | {'status': 'consumer_exception', 'error': "'Settings' object has no attribute 'rabbitmq_url'"}
2025-11-13 14:11:28,797 | ERROR | {'status': 'consumer_exception', 'error': "'Settings' object has no attribute 'rabbitmq_url'"}
2025-11-13 14:11:33,805 | ERROR | {'status': 'consumer_exception', 'error': "'Settings' object has no attribute 'rabbitmq_url'"}
2025-11-13 14:11:38,819 | ERROR | {'status': 'consumer_exception', 'error': "'Settings' object has no attribute 'rabbitmq_url'"}
2025-11-13 14:11:43,831 | ERROR | {'status': 'consumer_exception', 'error': "'Settings' object has no attribute 'rabbitmq_url'"}
2025-11-13 14:11:48,836 | ERROR | {'status': 'consumer_exception', 'error': "'Settings' object has no attribute 'rabbitmq_url'"}
2025-11-13 14:11:53,840 | ERROR | {'status': 'consumer_exception', 'error': "'Settings' object has no attribute 'rabbitmq_url'"}
2025-11-13 14:11:58,851 | ERROR | {'status': 'consumer_exception', 'error': "'Settings' object has no attribute 'rabbitmq_url'"}
2025-11-13 14:12:03,866 | ERROR | {'status': 'consumer_exception', 'error': "'Settings' object has no attribute 'rabbitmq_url'"}
2025-11-13 14:12:08,870 | ERROR | {'status': 'consumer_exception', 'error': "'Settings' object has no attribute 'rabbitmq_url'"}
2025-11-13 14:12:13,877 | ERROR | {'status': 'consumer_exception', 'error': "'Settings' object has no attribute 'rabbitmq_url'"}
2025-11-13 14:12:18,895 | ERROR | {'status': 'consumer_exception', 'error': "'Settings' object has no attribute 'rabbitmq_url'"}
2025-11-13 14:12:23,902 | ERROR | {'status': 'consumer_exception', 'error': "'Settings' object has no attribute 'rabbitmq_url'"}
2025-11-13 14:12:28,904 | ERROR | {'status': 'consumer_exception', 'error': "'Settings' object has no attribute 'rabbitmq_url'"}
